
    0  1  2  3  4  5  6  7  8  9 10
  +--+--+--+--+--+--+--+--+--+--+--+
 0|~~|~~|~~|  |  |  |  |  |~~|~~|~~|
  +--+--+--+--+--+--+--+--+--+--+--+
 1|~~|~~|  |KN|  |KN|  |KN|  |~~|~~|
  +--+--+--+--+--+--+--+--+--+--+--+
 2|~~|  |FT|  |FT|  |FT|  |FT|  |~~|
  +--+--+--+--+--+--+--+--+--+--+--+
 3|  |  |  |  |  |  |  |  |  |  |  |
  +--+--+--+--+--+--+--+--+--+--+--+
 4|  |  |  |$ |$ |  |$ |$ |  |  |  |
  +--+--+--+--+--+--+--+--+--+--+--+
 5|  |$ |$ |/\|/\|$ |/\|/\|$ |$ |  |
  +--+--+--+--+--+--+--+--+--+--+--+
 6|  |  |  |$ |$ |  |$ |$ |  |  |  |
  +--+--+--+--+--+--+--+--+--+--+--+
 7|  |  |  |  |  |  |  |  |  |  |  |
  +--+--+--+--+--+--+--+--+--+--+--+
 8|~~|  |ft|  |ft|  |ft|  |ft|  |~~|
  +--+--+--+--+--+--+--+--+--+--+--+
 9|~~|~~|  |kn|  |kn|  |kn|  |~~|~~|
  +--+--+--+--+--+--+--+--+--+--+--+
10|~~|~~|~~|  |  |  |  |  |~~|~~|~~|
  +--+--+--+--+--+--+--+--+--+--+--+

Turn 1 (Player A)
Please select a unit: 1.Move 2.Skip 
Select your action: 
    0  1  2  3  4  5  6  7  8  9 10
  +--+--+--+--+--+--+--+--+--+--+--+
 0|~~|~~|~~|  |  |  |  |  |~~|~~|~~|
  +--+--+--+--+--+--+--+--+--+--+--+
 1|~~|~~|  |KN|  |KN|  |KN|  |~~|~~|
  +--+--+--+--+--+--+--+--+--+--+--+
 2|~~|  |FT|  |FT|  |FT|  |FT|  |~~|
  +--+--+--+--+--+--+--+--+--+--+--+
 3|  |  |  |  |  |  |  |  |  |  |  |
  +--+--+--+--+--+--+--+--+--+--+--+
 4|  |  |  |$ |$ |  |$ |$ |  |  |  |
  +--+--+--+--+--+--+--+--+--+--+--+
 5|  |$ |$ |/\|/\|$ |/\|/\|$ |$ |  |
  +--+--+--+--+--+--+--+--+--+--+--+
 6|  |  |  |$ |$ |  |$ |$ |  |  |  |
  +--+--+--+--+--+--+--+--+--+--+--+
 7|  |  |  |  |  |  |  |  |  |  |  |
  +--+--+--+--+--+--+--+--+--+--+--+
 8|~~|  |ft|  |ft|  |ft|  |ft|  |~~|
  +--+--+--+--+--+--+--+--+--+--+--+
 9|~~|~~|  |kn|  |kn|  |kn|  |~~|~~|
  +--+--+--+--+--+--+--+--+--+--+--+
10|~~|~~|~~|  |  |  |  |  |~~|~~|~~|
  +--+--+--+--+--+--+--+--+--+--+--+

Turn 2 (Player B)
Please select a unit: No unit at (1, 6)!

    0  1  2  3  4  5  6  7  8  9 10
  +--+--+--+--+--+--+--+--+--+--+--+
 0|~~|~~|~~|  |  |  |  |  |~~|~~|~~|
  +--+--+--+--+--+--+--+--+--+--+--+
 1|~~|~~|  |KN|  |KN|  |KN|  |~~|~~|
  +--+--+--+--+--+--+--+--+--+--+--+
 2|~~|  |FT|  |FT|  |FT|  |FT|  |~~|
  +--+--+--+--+--+--+--+--+--+--+--+
 3|  |  |  |  |  |  |  |  |  |  |  |
  +--+--+--+--+--+--+--+--+--+--+--+
 4|  |  |  |$ |$ |  |$ |$ |  |  |  |
  +--+--+--+--+--+--+--+--+--+--+--+
 5|  |$ |$ |/\|/\|$ |/\|/\|$ |$ |  |
  +--+--+--+--+--+--+--+--+--+--+--+
 6|  |  |  |$ |$ |  |$ |$ |  |  |  |
  +--+--+--+--+--+--+--+--+--+--+--+
 7|  |  |  |  |  |  |  |  |  |  |  |
  +--+--+--+--+--+--+--+--+--+--+--+
 8|~~|  |ft|  |ft|  |ft|  |ft|  |~~|
  +--+--+--+--+--+--+--+--+--+--+--+
 9|~~|~~|  |kn|  |kn|  |kn|  |~~|~~|
  +--+--+--+--+--+--+--+--+--+--+--+
10|~~|~~|~~|  |  |  |  |  |~~|~~|~~|
  +--+--+--+--+--+--+--+--+--+--+--+

Turn 2 (Player B)
Please select a unit: Unit at (1, 5) is an enemy!

    0  1  2  3  4  5  6  7  8  9 10
  +--+--+--+--+--+--+--+--+--+--+--+
 0|~~|~~|~~|  |  |  |  |  |~~|~~|~~|
  +--+--+--+--+--+--+--+--+--+--+--+
 1|~~|~~|  |KN|  |KN|  |KN|  |~~|~~|
  +--+--+--+--+--+--+--+--+--+--+--+
 2|~~|  |FT|  |FT|  |FT|  |FT|  |~~|
  +--+--+--+--+--+--+--+--+--+--+--+
 3|  |  |  |  |  |  |  |  |  |  |  |
  +--+--+--+--+--+--+--+--+--+--+--+
 4|  |  |  |$ |$ |  |$ |$ |  |  |  |
  +--+--+--+--+--+--+--+--+--+--+--+
 5|  |$ |$ |/\|/\|$ |/\|/\|$ |$ |  |
  +--+--+--+--+--+--+--+--+--+--+--+
 6|  |  |  |$ |$ |  |$ |$ |  |  |  |
  +--+--+--+--+--+--+--+--+--+--+--+
 7|  |  |  |  |  |  |  |  |  |  |  |
  +--+--+--+--+--+--+--+--+--+--+--+
 8|~~|  |ft|  |ft|  |ft|  |ft|  |~~|
  +--+--+--+--+--+--+--+--+--+--+--+
 9|~~|~~|  |kn|  |kn|  |kn|  |~~|~~|
  +--+--+--+--+--+--+--+--+--+--+--+
10|~~|~~|~~|  |  |  |  |  |~~|~~|~~|
  +--+--+--+--+--+--+--+--+--+--+--+

Turn 2 (Player B)
Please select a unit: 1.Move 2.Skip 
Select your action: 
    0  1  2  3  4  5  6  7  8  9 10
  +--+--+--+--+--+--+--+--+--+--+--+
 0|~~|~~|~~|  |  |  |  |  |~~|~~|~~|
  +--+--+--+--+--+--+--+--+--+--+--+
 1|~~|~~|  |KN|  |KN|  |KN|  |~~|~~|
  +--+--+--+--+--+--+--+--+--+--+--+
 2|~~|  |FT|  |FT|  |FT|  |FT|  |~~|
  +--+--+--+--+--+--+--+--+--+--+--+
 3|  |  |  |  |  |  |  |  |  |  |  |
  +--+--+--+--+--+--+--+--+--+--+--+
 4|  |  |  |$ |$ |  |$ |$ |  |  |  |
  +--+--+--+--+--+--+--+--+--+--+--+
 5|  |$ |$ |/\|/\|. |/\|/\|$ |$ |  |
  +--+--+--+--+--+--+--+--+--+--+--+
 6|  |  |  |$ |. |. |. |$ |  |  |  |
  +--+--+--+--+--+--+--+--+--+--+--+
 7|  |  |. |. |. |. |. |. |. |  |  |
  +--+--+--+--+--+--+--+--+--+--+--+
 8|~~|  |ft|. |ft|. |ft|. |ft|  |~~|
  +--+--+--+--+--+--+--+--+--+--+--+
 9|~~|~~|  |kn|. |kn|. |kn|  |~~|~~|
  +--+--+--+--+--+--+--+--+--+--+--+
10|~~|~~|~~|. |. |. |. |. |~~|~~|~~|
  +--+--+--+--+--+--+--+--+--+--+--+

Please enter your destination: 
    0  1  2  3  4  5  6  7  8  9 10
  +--+--+--+--+--+--+--+--+--+--+--+
 0|~~|~~|~~|  |  |  |  |  |~~|~~|~~|
  +--+--+--+--+--+--+--+--+--+--+--+
 1|~~|~~|  |KN|  |KN|  |KN|  |~~|~~|
  +--+--+--+--+--+--+--+--+--+--+--+
 2|~~|  |FT|  |FT|  |FT|  |FT|  |~~|
  +--+--+--+--+--+--+--+--+--+--+--+
 3|  |  |  |  |  |  |  |  |  |  |  |
  +--+--+--+--+--+--+--+--+--+--+--+
 4|  |  |  |$ |$ |  |$ |$ |  |  |  |
  +--+--+--+--+--+--+--+--+--+--+--+
 5|  |$ |$ |/\|/\|kn|/\|/\|$ |$ |  |
  +--+--+--+--+--+--+--+--+--+--+--+
 6|  |  |  |$ |$ |  |$ |$ |  |  |  |
  +--+--+--+--+--+--+--+--+--+--+--+
 7|  |  |  |  |  |  |  |  |  |  |  |
  +--+--+--+--+--+--+--+--+--+--+--+
 8|~~|  |ft|  |ft|  |ft|  |ft|  |~~|
  +--+--+--+--+--+--+--+--+--+--+--+
 9|~~|~~|  |kn|  |  |  |kn|  |~~|~~|
  +--+--+--+--+--+--+--+--+--+--+--+
10|~~|~~|~~|  |  |  |  |  |~~|~~|~~|
  +--+--+--+--+--+--+--+--+--+--+--+

Turn 3 (Player A)
Please select a unit: 1.Move 2.Skip 
Select your action: 
    0  1  2  3  4  5  6  7  8  9 10
  +--+--+--+--+--+--+--+--+--+--+--+
 0|~~|~~|~~|. |. |. |. |. |~~|~~|~~|
  +--+--+--+--+--+--+--+--+--+--+--+
 1|~~|~~|  |KN|. |KN|. |KN|  |~~|~~|
  +--+--+--+--+--+--+--+--+--+--+--+
 2|~~|  |FT|. |FT|. |FT|. |FT|  |~~|
  +--+--+--+--+--+--+--+--+--+--+--+
 3|  |  |. |. |. |. |. |. |. |  |  |
  +--+--+--+--+--+--+--+--+--+--+--+
 4|  |  |  |$ |. |. |. |$ |  |  |  |
  +--+--+--+--+--+--+--+--+--+--+--+
 5|  |$ |$ |/\|/\|kn|/\|/\|$ |$ |  |
  +--+--+--+--+--+--+--+--+--+--+--+
 6|  |  |  |$ |$ |  |$ |$ |  |  |  |
  +--+--+--+--+--+--+--+--+--+--+--+
 7|  |  |  |  |  |  |  |  |  |  |  |
  +--+--+--+--+--+--+--+--+--+--+--+
 8|~~|  |ft|  |ft|  |ft|  |ft|  |~~|
  +--+--+--+--+--+--+--+--+--+--+--+
 9|~~|~~|  |kn|  |  |  |kn|  |~~|~~|
  +--+--+--+--+--+--+--+--+--+--+--+
10|~~|~~|~~|  |  |  |  |  |~~|~~|~~|
  +--+--+--+--+--+--+--+--+--+--+--+

Please enter your destination: 
    0  1  2  3  4  5  6  7  8  9 10
  +--+--+--+--+--+--+--+--+--+--+--+
 0|~~|~~|~~|  |  |  |  |  |~~|~~|~~|
  +--+--+--+--+--+--+--+--+--+--+--+
 1|~~|~~|  |KN|  |  |  |KN|  |~~|~~|
  +--+--+--+--+--+--+--+--+--+--+--+
 2|~~|  |FT|  |FT|  |FT|  |FT|  |~~|
  +--+--+--+--+--+--+--+--+--+--+--+
 3|  |  |  |  |  |  |  |  |  |  |  |
  +--+--+--+--+--+--+--+--+--+--+--+
 4|  |  |  |$ |$ |KN|$ |$ |  |  |  |
  +--+--+--+--+--+--+--+--+--+--+--+
 5|  |$ |$ |/\|/\|kn|/\|/\|$ |$ |  |
  +--+--+--+--+--+--+--+--+--+--+--+
 6|  |  |  |$ |$ |  |$ |$ |  |  |  |
  +--+--+--+--+--+--+--+--+--+--+--+
 7|  |  |  |  |  |  |  |  |  |  |  |
  +--+--+--+--+--+--+--+--+--+--+--+
 8|~~|  |ft|  |ft|  |ft|  |ft|  |~~|
  +--+--+--+--+--+--+--+--+--+--+--+
 9|~~|~~|  |kn|  |  |  |kn|  |~~|~~|
  +--+--+--+--+--+--+--+--+--+--+--+
10|~~|~~|~~|  |  |  |  |  |~~|~~|~~|
  +--+--+--+--+--+--+--+--+--+--+--+

Turn 4 (Player B)
Please select a unit: 1.Move 2.Skip 
Select your action: 
    0  1  2  3  4  5  6  7  8  9 10
  +--+--+--+--+--+--+--+--+--+--+--+
 0|~~|~~|~~|  |  |  |  |  |~~|~~|~~|
  +--+--+--+--+--+--+--+--+--+--+--+
 1|~~|~~|  |KN|  |  |  |KN|  |~~|~~|
  +--+--+--+--+--+--+--+--+--+--+--+
 2|~~|  |FT|  |FT|  |FT|  |FT|  |~~|
  +--+--+--+--+--+--+--+--+--+--+--+
 3|  |  |  |  |  |  |  |  |  |  |  |
  +--+--+--+--+--+--+--+--+--+--+--+
 4|  |  |  |$ |$ |KN|$ |$ |  |  |  |
  +--+--+--+--+--+--+--+--+--+--+--+
 5|  |$ |$ |/\|/\|kn|/\|/\|$ |$ |  |
  +--+--+--+--+--+--+--+--+--+--+--+
 6|  |  |  |. |. |. |. |. |  |  |  |
  +--+--+--+--+--+--+--+--+--+--+--+
 7|  |  |. |. |. |. |. |. |. |  |  |
  +--+--+--+--+--+--+--+--+--+--+--+
 8|~~|  |ft|. |ft|. |ft|. |ft|  |~~|
  +--+--+--+--+--+--+--+--+--+--+--+
 9|~~|~~|  |kn|. |. |. |kn|  |~~|~~|
  +--+--+--+--+--+--+--+--+--+--+--+
10|~~|~~|~~|  |  |. |  |  |~~|~~|~~|
  +--+--+--+--+--+--+--+--+--+--+--+

Please enter your destination: 
    0  1  2  3  4  5  6  7  8  9 10
  +--+--+--+--+--+--+--+--+--+--+--+
 0|~~|~~|~~|  |  |  |  |  |~~|~~|~~|
  +--+--+--+--+--+--+--+--+--+--+--+
 1|~~|~~|  |KN|  |  |  |KN|  |~~|~~|
  +--+--+--+--+--+--+--+--+--+--+--+
 2|~~|  |FT|  |FT|  |FT|  |FT|  |~~|
  +--+--+--+--+--+--+--+--+--+--+--+
 3|  |  |  |  |  |  |  |  |  |  |  |
  +--+--+--+--+--+--+--+--+--+--+--+
 4|  |  |  |$ |$ |KN|$ |$ |  |  |  |
  +--+--+--+--+--+--+--+--+--+--+--+
 5|  |$ |$ |/\|/\|$ |/\|/\|$ |$ |  |
  +--+--+--+--+--+--+--+--+--+--+--+
 6|  |  |  |$ |$ |kn|$ |$ |  |  |  |
  +--+--+--+--+--+--+--+--+--+--+--+
 7|  |  |  |  |  |  |  |  |  |  |  |
  +--+--+--+--+--+--+--+--+--+--+--+
 8|~~|  |ft|  |ft|  |ft|  |ft|  |~~|
  +--+--+--+--+--+--+--+--+--+--+--+
 9|~~|~~|  |kn|  |  |  |kn|  |~~|~~|
  +--+--+--+--+--+--+--+--+--+--+--+
10|~~|~~|~~|  |  |  |  |  |~~|~~|~~|
  +--+--+--+--+--+--+--+--+--+--+--+

Turn 5 (Player A)
Please select a unit: Read line failed!
