
    0  1  2  3  4  5  6  7  8
  +--+--+--+--+--+--+--+--+--+
 0|  |  |  |  |KN|  |  |  |  |
  +--+--+--+--+--+--+--+--+--+
 1|  |FT|  |$ |$ |$ |  |FT|  |
  +--+--+--+--+--+--+--+--+--+
 2|  |/\|  |  |  |  |  |/\|  |
  +--+--+--+--+--+--+--+--+--+
 3|  |  |  |  |  |  |  |  |  |
  +--+--+--+--+--+--+--+--+--+
 4|~~|  |~~|~~|  |~~|~~|  |~~|
  +--+--+--+--+--+--+--+--+--+
 5|  |  |  |  |  |  |  |  |  |
  +--+--+--+--+--+--+--+--+--+
 6|  |/\|  |  |  |  |  |/\|  |
  +--+--+--+--+--+--+--+--+--+
 7|  |ft|  |$ |$ |$ |  |ft|  |
  +--+--+--+--+--+--+--+--+--+
 8|  |  |  |  |kn|  |  |  |  |
  +--+--+--+--+--+--+--+--+--+

Turn 1 (Player A)
Please select a unit: 1.Move 2.Attack 3.Skip 
Select your action: 
    0  1  2  3  4  5  6  7  8
  +--+--+--+--+--+--+--+--+--+
 0|. |. |. |. |KN|. |. |. |. |
  +--+--+--+--+--+--+--+--+--+
 1|. |FT|. |. |. |. |. |FT|. |
  +--+--+--+--+--+--+--+--+--+
 2|  |/\|. |. |. |. |. |/\|  |
  +--+--+--+--+--+--+--+--+--+
 3|  |  |. |. |. |. |. |  |  |
  +--+--+--+--+--+--+--+--+--+
 4|~~|  |~~|~~|. |~~|~~|  |~~|
  +--+--+--+--+--+--+--+--+--+
 5|  |  |  |  |  |  |  |  |  |
  +--+--+--+--+--+--+--+--+--+
 6|  |/\|  |  |  |  |  |/\|  |
  +--+--+--+--+--+--+--+--+--+
 7|  |ft|  |$ |$ |$ |  |ft|  |
  +--+--+--+--+--+--+--+--+--+
 8|  |  |  |  |kn|  |  |  |  |
  +--+--+--+--+--+--+--+--+--+

Please enter your destination: 
    0  1  2  3  4  5  6  7  8
  +--+--+--+--+--+--+--+--+--+
 0|  |  |  |  |  |  |  |  |  |
  +--+--+--+--+--+--+--+--+--+
 1|  |FT|  |$ |$ |$ |  |FT|  |
  +--+--+--+--+--+--+--+--+--+
 2|  |/\|  |  |  |  |  |/\|  |
  +--+--+--+--+--+--+--+--+--+
 3|  |  |  |  |  |  |  |  |  |
  +--+--+--+--+--+--+--+--+--+
 4|~~|  |~~|~~|KN|~~|~~|  |~~|
  +--+--+--+--+--+--+--+--+--+
 5|  |  |  |  |  |  |  |  |  |
  +--+--+--+--+--+--+--+--+--+
 6|  |/\|  |  |  |  |  |/\|  |
  +--+--+--+--+--+--+--+--+--+
 7|  |ft|  |$ |$ |$ |  |ft|  |
  +--+--+--+--+--+--+--+--+--+
 8|  |  |  |  |kn|  |  |  |  |
  +--+--+--+--+--+--+--+--+--+

1.Attack 2.Skip 
Select your action: 
    0  1  2  3  4  5  6  7  8
  +--+--+--+--+--+--+--+--+--+
 0|  |  |  |  |  |  |  |  |  |
  +--+--+--+--+--+--+--+--+--+
 1|  |FT|  |$ |$ |$ |  |FT|  |
  +--+--+--+--+--+--+--+--+--+
 2|  |/\|  |  |  |  |  |/\|  |
  +--+--+--+--+--+--+--+--+--+
 3|  |  |  |  |  |  |  |  |  |
  +--+--+--+--+--+--+--+--+--+
 4|~~|  |~~|~~|KN|~~|~~|  |~~|
  +--+--+--+--+--+--+--+--+--+
 5|  |  |  |  |  |  |  |  |  |
  +--+--+--+--+--+--+--+--+--+
 6|  |/\|  |  |  |  |  |/\|  |
  +--+--+--+--+--+--+--+--+--+
 7|  |ft|  |$ |$ |$ |  |ft|  |
  +--+--+--+--+--+--+--+--+--+
 8|  |  |  |  |kn|  |  |  |  |
  +--+--+--+--+--+--+--+--+--+

Turn 2 (Player B)
Please select a unit: 1.Move 2.Attack 3.Skip 
Select your action: 
    0  1  2  3  4  5  6  7  8
  +--+--+--+--+--+--+--+--+--+
 0|  |  |  |  |  |  |  |  |  |
  +--+--+--+--+--+--+--+--+--+
 1|  |FT|  |$ |$ |$ |  |FT|  |
  +--+--+--+--+--+--+--+--+--+
 2|  |/\|  |  |  |  |  |/\|  |
  +--+--+--+--+--+--+--+--+--+
 3|  |  |  |  |  |  |  |  |  |
  +--+--+--+--+--+--+--+--+--+
 4|~~|  |~~|~~|KN|~~|~~|  |~~|
  +--+--+--+--+--+--+--+--+--+
 5|  |  |. |. |. |. |. |  |  |
  +--+--+--+--+--+--+--+--+--+
 6|  |/\|. |. |. |. |. |/\|  |
  +--+--+--+--+--+--+--+--+--+
 7|. |ft|. |. |. |. |. |ft|. |
  +--+--+--+--+--+--+--+--+--+
 8|. |. |. |. |kn|. |. |. |. |
  +--+--+--+--+--+--+--+--+--+

Please enter your destination: 
    0  1  2  3  4  5  6  7  8
  +--+--+--+--+--+--+--+--+--+
 0|  |  |  |  |  |  |  |  |  |
  +--+--+--+--+--+--+--+--+--+
 1|  |FT|  |$ |$ |$ |  |FT|  |
  +--+--+--+--+--+--+--+--+--+
 2|  |/\|  |  |  |  |  |/\|  |
  +--+--+--+--+--+--+--+--+--+
 3|  |  |  |  |  |  |  |  |  |
  +--+--+--+--+--+--+--+--+--+
 4|~~|  |~~|~~|KN|~~|~~|  |~~|
  +--+--+--+--+--+--+--+--+--+
 5|  |  |  |  |kn|  |  |  |  |
  +--+--+--+--+--+--+--+--+--+
 6|  |/\|  |  |  |  |  |/\|  |
  +--+--+--+--+--+--+--+--+--+
 7|  |ft|  |$ |$ |$ |  |ft|  |
  +--+--+--+--+--+--+--+--+--+
 8|  |  |  |  |  |  |  |  |  |
  +--+--+--+--+--+--+--+--+--+

1.Attack 2.Skip 
Select your action: 1.UP 2.DOWN 3.LEFT 4.RIGHT
Please enter the direction: 
    0  1  2  3  4  5  6  7  8
  +--+--+--+--+--+--+--+--+--+
 0|  |  |  |  |  |  |  |  |  |
  +--+--+--+--+--+--+--+--+--+
 1|  |FT|  |$ |$ |$ |  |FT|  |
  +--+--+--+--+--+--+--+--+--+
 2|  |/\|  |  |  |  |  |/\|  |
  +--+--+--+--+--+--+--+--+--+
 3|  |  |  |  |  |  |  |  |  |
  +--+--+--+--+--+--+--+--+--+
 4|~~|  |~~|~~|  |~~|~~|  |~~|
  +--+--+--+--+--+--+--+--+--+
 5|  |  |  |  |kn|  |  |  |  |
  +--+--+--+--+--+--+--+--+--+
 6|  |/\|  |  |  |  |  |/\|  |
  +--+--+--+--+--+--+--+--+--+
 7|  |ft|  |$ |$ |$ |  |ft|  |
  +--+--+--+--+--+--+--+--+--+
 8|  |  |  |  |  |  |  |  |  |
  +--+--+--+--+--+--+--+--+--+

Turn 3 (Player A)
Please select a unit: Incorrect input! 

    0  1  2  3  4  5  6  7  8
  +--+--+--+--+--+--+--+--+--+
 0|  |  |  |  |  |  |  |  |  |
  +--+--+--+--+--+--+--+--+--+
 1|  |FT|  |$ |$ |$ |  |FT|  |
  +--+--+--+--+--+--+--+--+--+
 2|  |/\|  |  |  |  |  |/\|  |
  +--+--+--+--+--+--+--+--+--+
 3|  |  |  |  |  |  |  |  |  |
  +--+--+--+--+--+--+--+--+--+
 4|~~|  |~~|~~|  |~~|~~|  |~~|
  +--+--+--+--+--+--+--+--+--+
 5|  |  |  |  |kn|  |  |  |  |
  +--+--+--+--+--+--+--+--+--+
 6|  |/\|  |  |  |  |  |/\|  |
  +--+--+--+--+--+--+--+--+--+
 7|  |ft|  |$ |$ |$ |  |ft|  |
  +--+--+--+--+--+--+--+--+--+
 8|  |  |  |  |  |  |  |  |  |
  +--+--+--+--+--+--+--+--+--+

Turn 3 (Player A)
Please select a unit: 1.Move 2.Attack 3.Skip 
Select your action: 
    0  1  2  3  4  5  6  7  8
  +--+--+--+--+--+--+--+--+--+
 0|. |. |. |. |  |  |  |  |  |
  +--+--+--+--+--+--+--+--+--+
 1|. |FT|. |. |$ |$ |  |FT|  |
  +--+--+--+--+--+--+--+--+--+
 2|. |/\|. |. |  |  |  |/\|  |
  +--+--+--+--+--+--+--+--+--+
 3|. |  |. |  |  |  |  |  |  |
  +--+--+--+--+--+--+--+--+--+
 4|~~|  |~~|~~|  |~~|~~|  |~~|
  +--+--+--+--+--+--+--+--+--+
 5|  |  |  |  |kn|  |  |  |  |
  +--+--+--+--+--+--+--+--+--+
 6|  |/\|  |  |  |  |  |/\|  |
  +--+--+--+--+--+--+--+--+--+
 7|  |ft|  |$ |$ |$ |  |ft|  |
  +--+--+--+--+--+--+--+--+--+
 8|  |  |  |  |  |  |  |  |  |
  +--+--+--+--+--+--+--+--+--+

Please enter your destination: 
    0  1  2  3  4  5  6  7  8
  +--+--+--+--+--+--+--+--+--+
 0|  |  |  |  |  |  |  |  |  |
  +--+--+--+--+--+--+--+--+--+
 1|  |  |  |$ |$ |$ |  |FT|  |
  +--+--+--+--+--+--+--+--+--+
 2|  |/\|  |  |  |  |  |/\|  |
  +--+--+--+--+--+--+--+--+--+
 3|  |  |FT|  |  |  |  |  |  |
  +--+--+--+--+--+--+--+--+--+
 4|~~|  |~~|~~|  |~~|~~|  |~~|
  +--+--+--+--+--+--+--+--+--+
 5|  |  |  |  |kn|  |  |  |  |
  +--+--+--+--+--+--+--+--+--+
 6|  |/\|  |  |  |  |  |/\|  |
  +--+--+--+--+--+--+--+--+--+
 7|  |ft|  |$ |$ |$ |  |ft|  |
  +--+--+--+--+--+--+--+--+--+
 8|  |  |  |  |  |  |  |  |  |
  +--+--+--+--+--+--+--+--+--+

1.Attack 2.Skip 
Select your action: 
    0  1  2  3  4  5  6  7  8
  +--+--+--+--+--+--+--+--+--+
 0|  |  |  |  |  |  |  |  |  |
  +--+--+--+--+--+--+--+--+--+
 1|  |  |  |$ |$ |$ |  |FT|  |
  +--+--+--+--+--+--+--+--+--+
 2|  |/\|  |  |  |  |  |/\|  |
  +--+--+--+--+--+--+--+--+--+
 3|  |  |FT|  |  |  |  |  |  |
  +--+--+--+--+--+--+--+--+--+
 4|~~|  |~~|~~|  |~~|~~|  |~~|
  +--+--+--+--+--+--+--+--+--+
 5|  |  |  |  |kn|  |  |  |  |
  +--+--+--+--+--+--+--+--+--+
 6|  |/\|  |  |  |  |  |/\|  |
  +--+--+--+--+--+--+--+--+--+
 7|  |ft|  |$ |$ |$ |  |ft|  |
  +--+--+--+--+--+--+--+--+--+
 8|  |  |  |  |  |  |  |  |  |
  +--+--+--+--+--+--+--+--+--+

Turn 4 (Player B)
Please select a unit: 1.Move 2.Attack 3.Skip 
Select your action: 
    0  1  2  3  4  5  6  7  8
  +--+--+--+--+--+--+--+--+--+
 0|  |  |  |  |  |  |  |  |  |
  +--+--+--+--+--+--+--+--+--+
 1|  |  |  |$ |$ |$ |  |FT|  |
  +--+--+--+--+--+--+--+--+--+
 2|  |/\|  |  |  |  |  |/\|  |
  +--+--+--+--+--+--+--+--+--+
 3|  |  |FT|  |  |  |  |  |  |
  +--+--+--+--+--+--+--+--+--+
 4|~~|  |~~|~~|  |~~|~~|  |~~|
  +--+--+--+--+--+--+--+--+--+
 5|. |  |. |  |kn|  |  |  |  |
  +--+--+--+--+--+--+--+--+--+
 6|. |/\|. |. |  |  |  |/\|  |
  +--+--+--+--+--+--+--+--+--+
 7|. |ft|. |. |$ |$ |  |ft|  |
  +--+--+--+--+--+--+--+--+--+
 8|. |. |. |. |  |  |  |  |  |
  +--+--+--+--+--+--+--+--+--+

Please enter your destination: 
    0  1  2  3  4  5  6  7  8
  +--+--+--+--+--+--+--+--+--+
 0|  |  |  |  |  |  |  |  |  |
  +--+--+--+--+--+--+--+--+--+
 1|  |  |  |$ |$ |$ |  |FT|  |
  +--+--+--+--+--+--+--+--+--+
 2|  |/\|  |  |  |  |  |/\|  |
  +--+--+--+--+--+--+--+--+--+
 3|  |  |FT|  |  |  |  |  |  |
  +--+--+--+--+--+--+--+--+--+
 4|~~|  |~~|~~|  |~~|~~|  |~~|
  +--+--+--+--+--+--+--+--+--+
 5|  |  |ft|  |kn|  |  |  |  |
  +--+--+--+--+--+--+--+--+--+
 6|  |/\|  |  |  |  |  |/\|  |
  +--+--+--+--+--+--+--+--+--+
 7|  |  |  |$ |$ |$ |  |ft|  |
  +--+--+--+--+--+--+--+--+--+
 8|  |  |  |  |  |  |  |  |  |
  +--+--+--+--+--+--+--+--+--+

1.Attack 2.Skip 
Select your action: 
    0  1  2  3  4  5  6  7  8
  +--+--+--+--+--+--+--+--+--+
 0|  |  |  |  |  |  |  |  |  |
  +--+--+--+--+--+--+--+--+--+
 1|  |  |  |$ |$ |$ |  |FT|  |
  +--+--+--+--+--+--+--+--+--+
 2|  |/\|  |  |  |  |  |/\|  |
  +--+--+--+--+--+--+--+--+--+
 3|  |  |FT|  |  |  |  |  |  |
  +--+--+--+--+--+--+--+--+--+
 4|~~|  |~~|~~|  |~~|~~|  |~~|
  +--+--+--+--+--+--+--+--+--+
 5|  |  |ft|  |kn|  |  |  |  |
  +--+--+--+--+--+--+--+--+--+
 6|  |/\|  |  |  |  |  |/\|  |
  +--+--+--+--+--+--+--+--+--+
 7|  |  |  |$ |$ |$ |  |ft|  |
  +--+--+--+--+--+--+--+--+--+
 8|  |  |  |  |  |  |  |  |  |
  +--+--+--+--+--+--+--+--+--+

Turn 5 (Player A)
Please select a unit: 1.Move 2.Attack 3.Skip 
Select your action: 
    0  1  2  3  4  5  6  7  8
  +--+--+--+--+--+--+--+--+--+
 0|  |  |. |  |  |  |  |  |  |
  +--+--+--+--+--+--+--+--+--+
 1|  |. |. |$ |$ |$ |  |FT|  |
  +--+--+--+--+--+--+--+--+--+
 2|. |/\|. |. |. |  |  |/\|  |
  +--+--+--+--+--+--+--+--+--+
 3|. |. |FT|. |. |. |  |  |  |
  +--+--+--+--+--+--+--+--+--+
 4|~~|. |~~|~~|. |~~|~~|  |~~|
  +--+--+--+--+--+--+--+--+--+
 5|  |. |ft|  |kn|  |  |  |  |
  +--+--+--+--+--+--+--+--+--+
 6|  |/\|  |  |  |  |  |/\|  |
  +--+--+--+--+--+--+--+--+--+
 7|  |  |  |$ |$ |$ |  |ft|  |
  +--+--+--+--+--+--+--+--+--+
 8|  |  |  |  |  |  |  |  |  |
  +--+--+--+--+--+--+--+--+--+

Please enter your destination: 
    0  1  2  3  4  5  6  7  8
  +--+--+--+--+--+--+--+--+--+
 0|  |  |  |  |  |  |  |  |  |
  +--+--+--+--+--+--+--+--+--+
 1|  |  |  |$ |$ |$ |  |FT|  |
  +--+--+--+--+--+--+--+--+--+
 2|  |/\|  |  |  |  |  |/\|  |
  +--+--+--+--+--+--+--+--+--+
 3|  |  |  |  |  |  |  |  |  |
  +--+--+--+--+--+--+--+--+--+
 4|~~|  |~~|~~|  |~~|~~|  |~~|
  +--+--+--+--+--+--+--+--+--+
 5|  |FT|ft|  |kn|  |  |  |  |
  +--+--+--+--+--+--+--+--+--+
 6|  |/\|  |  |  |  |  |/\|  |
  +--+--+--+--+--+--+--+--+--+
 7|  |  |  |$ |$ |$ |  |ft|  |
  +--+--+--+--+--+--+--+--+--+
 8|  |  |  |  |  |  |  |  |  |
  +--+--+--+--+--+--+--+--+--+

1.Attack 2.Skip 
Select your action: 1.UP 2.DOWN 3.LEFT 4.RIGHT
Please enter the direction: 
    0  1  2  3  4  5  6  7  8
  +--+--+--+--+--+--+--+--+--+
 0|  |  |  |  |  |  |  |  |  |
  +--+--+--+--+--+--+--+--+--+
 1|  |  |  |$ |$ |$ |  |FT|  |
  +--+--+--+--+--+--+--+--+--+
 2|  |/\|  |  |  |  |  |/\|  |
  +--+--+--+--+--+--+--+--+--+
 3|  |  |  |  |  |  |  |  |  |
  +--+--+--+--+--+--+--+--+--+
 4|~~|  |~~|~~|  |~~|~~|  |~~|
  +--+--+--+--+--+--+--+--+--+
 5|  |FT|  |  |kn|  |  |  |  |
  +--+--+--+--+--+--+--+--+--+
 6|  |/\|  |  |  |  |  |/\|  |
  +--+--+--+--+--+--+--+--+--+
 7|  |  |  |$ |$ |$ |  |ft|  |
  +--+--+--+--+--+--+--+--+--+
 8|  |  |  |  |  |  |  |  |  |
  +--+--+--+--+--+--+--+--+--+

Turn 6 (Player B)
Please select a unit: 1.Move 2.Attack 3.Skip 
Select your action: 
    0  1  2  3  4  5  6  7  8
  +--+--+--+--+--+--+--+--+--+
 0|  |  |  |  |  |  |  |  |  |
  +--+--+--+--+--+--+--+--+--+
 1|  |  |  |$ |. |$ |  |FT|  |
  +--+--+--+--+--+--+--+--+--+
 2|  |/\|. |. |. |. |. |/\|  |
  +--+--+--+--+--+--+--+--+--+
 3|  |. |. |. |. |. |. |. |  |
  +--+--+--+--+--+--+--+--+--+
 4|~~|  |~~|~~|. |~~|~~|. |~~|
  +--+--+--+--+--+--+--+--+--+
 5|  |FT|. |. |kn|. |. |. |. |
  +--+--+--+--+--+--+--+--+--+
 6|  |/\|. |. |. |. |. |/\|. |
  +--+--+--+--+--+--+--+--+--+
 7|  |. |. |. |. |. |. |ft|  |
  +--+--+--+--+--+--+--+--+--+
 8|  |  |. |. |. |. |. |  |  |
  +--+--+--+--+--+--+--+--+--+

Please enter your destination: 
    0  1  2  3  4  5  6  7  8
  +--+--+--+--+--+--+--+--+--+
 0|  |  |  |  |  |  |  |  |  |
  +--+--+--+--+--+--+--+--+--+
 1|  |  |  |$ |$ |$ |  |FT|  |
  +--+--+--+--+--+--+--+--+--+
 2|  |/\|  |  |  |  |  |/\|  |
  +--+--+--+--+--+--+--+--+--+
 3|  |  |  |  |  |  |  |kn|  |
  +--+--+--+--+--+--+--+--+--+
 4|~~|  |~~|~~|  |~~|~~|  |~~|
  +--+--+--+--+--+--+--+--+--+
 5|  |FT|  |  |  |  |  |  |  |
  +--+--+--+--+--+--+--+--+--+
 6|  |/\|  |  |  |  |  |/\|  |
  +--+--+--+--+--+--+--+--+--+
 7|  |  |  |$ |$ |$ |  |ft|  |
  +--+--+--+--+--+--+--+--+--+
 8|  |  |  |  |  |  |  |  |  |
  +--+--+--+--+--+--+--+--+--+

1.Attack 2.Skip 
Select your action: 
    0  1  2  3  4  5  6  7  8
  +--+--+--+--+--+--+--+--+--+
 0|  |  |  |  |  |  |  |  |  |
  +--+--+--+--+--+--+--+--+--+
 1|  |  |  |$ |$ |$ |  |FT|  |
  +--+--+--+--+--+--+--+--+--+
 2|  |/\|  |  |  |  |  |/\|  |
  +--+--+--+--+--+--+--+--+--+
 3|  |  |  |  |  |  |  |kn|  |
  +--+--+--+--+--+--+--+--+--+
 4|~~|  |~~|~~|  |~~|~~|  |~~|
  +--+--+--+--+--+--+--+--+--+
 5|  |FT|  |  |  |  |  |  |  |
  +--+--+--+--+--+--+--+--+--+
 6|  |/\|  |  |  |  |  |/\|  |
  +--+--+--+--+--+--+--+--+--+
 7|  |  |  |$ |$ |$ |  |ft|  |
  +--+--+--+--+--+--+--+--+--+
 8|  |  |  |  |  |  |  |  |  |
  +--+--+--+--+--+--+--+--+--+

Turn 7 (Player A)
Please select a unit: 1.Move 2.Attack 3.Skip 
Select your action: 
    0  1  2  3  4  5  6  7  8
  +--+--+--+--+--+--+--+--+--+
 0|  |  |  |  |  |. |. |. |. |
  +--+--+--+--+--+--+--+--+--+
 1|  |  |  |$ |$ |. |. |FT|. |
  +--+--+--+--+--+--+--+--+--+
 2|  |/\|  |  |  |. |. |/\|. |
  +--+--+--+--+--+--+--+--+--+
 3|  |  |  |  |  |  |. |kn|. |
  +--+--+--+--+--+--+--+--+--+
 4|~~|  |~~|~~|  |~~|~~|  |~~|
  +--+--+--+--+--+--+--+--+--+
 5|  |FT|  |  |  |  |  |  |  |
  +--+--+--+--+--+--+--+--+--+
 6|  |/\|  |  |  |  |  |/\|  |
  +--+--+--+--+--+--+--+--+--+
 7|  |  |  |$ |$ |$ |  |ft|  |
  +--+--+--+--+--+--+--+--+--+
 8|  |  |  |  |  |  |  |  |  |
  +--+--+--+--+--+--+--+--+--+

Please enter your destination: 
    0  1  2  3  4  5  6  7  8
  +--+--+--+--+--+--+--+--+--+
 0|  |  |  |  |  |  |  |  |  |
  +--+--+--+--+--+--+--+--+--+
 1|  |  |  |$ |$ |$ |  |  |  |
  +--+--+--+--+--+--+--+--+--+
 2|  |/\|  |  |  |  |  |/\|  |
  +--+--+--+--+--+--+--+--+--+
 3|  |  |  |  |  |  |FT|kn|  |
  +--+--+--+--+--+--+--+--+--+
 4|~~|  |~~|~~|  |~~|~~|  |~~|
  +--+--+--+--+--+--+--+--+--+
 5|  |FT|  |  |  |  |  |  |  |
  +--+--+--+--+--+--+--+--+--+
 6|  |/\|  |  |  |  |  |/\|  |
  +--+--+--+--+--+--+--+--+--+
 7|  |  |  |$ |$ |$ |  |ft|  |
  +--+--+--+--+--+--+--+--+--+
 8|  |  |  |  |  |  |  |  |  |
  +--+--+--+--+--+--+--+--+--+

1.Attack 2.Skip 
Select your action: 1.UP 2.DOWN 3.LEFT 4.RIGHT
Please enter the direction: 
    0  1  2  3  4  5  6  7  8
  +--+--+--+--+--+--+--+--+--+
 0|  |  |  |  |  |  |  |  |  |
  +--+--+--+--+--+--+--+--+--+
 1|  |  |  |$ |$ |$ |  |  |  |
  +--+--+--+--+--+--+--+--+--+
 2|  |/\|  |  |  |  |  |/\|  |
  +--+--+--+--+--+--+--+--+--+
 3|  |  |  |  |  |  |FT|  |  |
  +--+--+--+--+--+--+--+--+--+
 4|~~|  |~~|~~|  |~~|~~|  |~~|
  +--+--+--+--+--+--+--+--+--+
 5|  |FT|  |  |  |  |  |  |  |
  +--+--+--+--+--+--+--+--+--+
 6|  |/\|  |  |  |  |  |/\|  |
  +--+--+--+--+--+--+--+--+--+
 7|  |  |  |$ |$ |$ |  |ft|  |
  +--+--+--+--+--+--+--+--+--+
 8|  |  |  |  |  |  |  |  |  |
  +--+--+--+--+--+--+--+--+--+

Turn 8 (Player B)
Please select a unit: 1.Move 2.Attack 3.Skip 
Select your action: 
    0  1  2  3  4  5  6  7  8
  +--+--+--+--+--+--+--+--+--+
 0|  |  |  |  |  |  |  |  |  |
  +--+--+--+--+--+--+--+--+--+
 1|  |  |  |$ |$ |$ |  |  |  |
  +--+--+--+--+--+--+--+--+--+
 2|  |/\|  |  |  |  |  |/\|  |
  +--+--+--+--+--+--+--+--+--+
 3|  |  |  |  |  |  |FT|  |  |
  +--+--+--+--+--+--+--+--+--+
 4|~~|  |~~|~~|  |~~|~~|  |~~|
  +--+--+--+--+--+--+--+--+--+
 5|  |FT|  |  |  |  |. |  |. |
  +--+--+--+--+--+--+--+--+--+
 6|  |/\|  |  |  |. |. |/\|. |
  +--+--+--+--+--+--+--+--+--+
 7|  |  |  |$ |$ |. |. |ft|. |
  +--+--+--+--+--+--+--+--+--+
 8|  |  |  |  |  |. |. |. |. |
  +--+--+--+--+--+--+--+--+--+

Please enter your destination: 
    0  1  2  3  4  5  6  7  8
  +--+--+--+--+--+--+--+--+--+
 0|  |  |  |  |  |  |  |  |  |
  +--+--+--+--+--+--+--+--+--+
 1|  |  |  |$ |$ |$ |  |  |  |
  +--+--+--+--+--+--+--+--+--+
 2|  |/\|  |  |  |  |  |/\|  |
  +--+--+--+--+--+--+--+--+--+
 3|  |  |  |  |  |  |FT|  |  |
  +--+--+--+--+--+--+--+--+--+
 4|~~|  |~~|~~|  |~~|~~|  |~~|
  +--+--+--+--+--+--+--+--+--+
 5|  |FT|  |  |  |  |ft|  |  |
  +--+--+--+--+--+--+--+--+--+
 6|  |/\|  |  |  |  |  |/\|  |
  +--+--+--+--+--+--+--+--+--+
 7|  |  |  |$ |$ |$ |  |  |  |
  +--+--+--+--+--+--+--+--+--+
 8|  |  |  |  |  |  |  |  |  |
  +--+--+--+--+--+--+--+--+--+

1.Attack 2.Skip 
Select your action: 
    0  1  2  3  4  5  6  7  8
  +--+--+--+--+--+--+--+--+--+
 0|  |  |  |  |  |  |  |  |  |
  +--+--+--+--+--+--+--+--+--+
 1|  |  |  |$ |$ |$ |  |  |  |
  +--+--+--+--+--+--+--+--+--+
 2|  |/\|  |  |  |  |  |/\|  |
  +--+--+--+--+--+--+--+--+--+
 3|  |  |  |  |  |  |FT|  |  |
  +--+--+--+--+--+--+--+--+--+
 4|~~|  |~~|~~|  |~~|~~|  |~~|
  +--+--+--+--+--+--+--+--+--+
 5|  |FT|  |  |  |  |ft|  |  |
  +--+--+--+--+--+--+--+--+--+
 6|  |/\|  |  |  |  |  |/\|  |
  +--+--+--+--+--+--+--+--+--+
 7|  |  |  |$ |$ |$ |  |  |  |
  +--+--+--+--+--+--+--+--+--+
 8|  |  |  |  |  |  |  |  |  |
  +--+--+--+--+--+--+--+--+--+

Turn 9 (Player A)
Please select a unit: 1.Move 2.Attack 3.Skip 
Select your action: 
    0  1  2  3  4  5  6  7  8
  +--+--+--+--+--+--+--+--+--+
 0|  |  |  |  |  |  |. |  |  |
  +--+--+--+--+--+--+--+--+--+
 1|  |  |  |$ |$ |$ |. |. |  |
  +--+--+--+--+--+--+--+--+--+
 2|  |/\|  |  |. |. |. |/\|. |
  +--+--+--+--+--+--+--+--+--+
 3|  |  |  |. |. |. |FT|. |. |
  +--+--+--+--+--+--+--+--+--+
 4|~~|  |~~|~~|. |~~|~~|. |~~|
  +--+--+--+--+--+--+--+--+--+
 5|  |FT|  |  |  |  |ft|. |  |
  +--+--+--+--+--+--+--+--+--+
 6|  |/\|  |  |  |  |  |/\|  |
  +--+--+--+--+--+--+--+--+--+
 7|  |  |  |$ |$ |$ |  |  |  |
  +--+--+--+--+--+--+--+--+--+
 8|  |  |  |  |  |  |  |  |  |
  +--+--+--+--+--+--+--+--+--+

Please enter your destination: 
    0  1  2  3  4  5  6  7  8
  +--+--+--+--+--+--+--+--+--+
 0|  |  |  |  |  |  |  |  |  |
  +--+--+--+--+--+--+--+--+--+
 1|  |  |  |$ |$ |$ |  |  |  |
  +--+--+--+--+--+--+--+--+--+
 2|  |/\|  |  |  |  |  |/\|  |
  +--+--+--+--+--+--+--+--+--+
 3|  |  |  |  |  |  |  |  |  |
  +--+--+--+--+--+--+--+--+--+
 4|~~|  |~~|~~|  |~~|~~|  |~~|
  +--+--+--+--+--+--+--+--+--+
 5|  |FT|  |  |  |  |ft|FT|  |
  +--+--+--+--+--+--+--+--+--+
 6|  |/\|  |  |  |  |  |/\|  |
  +--+--+--+--+--+--+--+--+--+
 7|  |  |  |$ |$ |$ |  |  |  |
  +--+--+--+--+--+--+--+--+--+
 8|  |  |  |  |  |  |  |  |  |
  +--+--+--+--+--+--+--+--+--+

1.Attack 2.Skip 
Select your action: 1.UP 2.DOWN 3.LEFT 4.RIGHT
Please enter the direction: 
    0  1  2  3  4  5  6  7  8
  +--+--+--+--+--+--+--+--+--+
 0|  |  |  |  |  |  |  |  |  |
  +--+--+--+--+--+--+--+--+--+
 1|  |  |  |$ |$ |$ |  |  |  |
  +--+--+--+--+--+--+--+--+--+
 2|  |/\|  |  |  |  |  |/\|  |
  +--+--+--+--+--+--+--+--+--+
 3|  |  |  |  |  |  |  |  |  |
  +--+--+--+--+--+--+--+--+--+
 4|~~|  |~~|~~|  |~~|~~|  |~~|
  +--+--+--+--+--+--+--+--+--+
 5|  |FT|  |  |  |  |  |FT|  |
  +--+--+--+--+--+--+--+--+--+
 6|  |/\|  |  |  |  |  |/\|  |
  +--+--+--+--+--+--+--+--+--+
 7|  |  |  |$ |$ |$ |  |  |  |
  +--+--+--+--+--+--+--+--+--+
 8|  |  |  |  |  |  |  |  |  |
  +--+--+--+--+--+--+--+--+--+

Congratulations! Player A has won!
