
    0  1  2  3  4  5  6  7  8  9 10
  +--+--+--+--+--+--+--+--+--+--+--+
 0|~~|~~|~~|  |  |  |  |  |~~|~~|~~|
  +--+--+--+--+--+--+--+--+--+--+--+
 1|~~|~~|  |KN|  |KN|  |KN|  |~~|~~|
  +--+--+--+--+--+--+--+--+--+--+--+
 2|~~|  |AR|  |FT|  |FT|  |AR|  |~~|
  +--+--+--+--+--+--+--+--+--+--+--+
 3|  |  |  |  |  |  |  |  |  |  |  |
  +--+--+--+--+--+--+--+--+--+--+--+
 4|  |  |  |$ |$ |  |$ |$ |  |  |  |
  +--+--+--+--+--+--+--+--+--+--+--+
 5|  |$ |$ |/\|/\|$ |/\|/\|$ |$ |  |
  +--+--+--+--+--+--+--+--+--+--+--+
 6|  |  |  |$ |$ |  |$ |$ |  |  |  |
  +--+--+--+--+--+--+--+--+--+--+--+
 7|  |  |  |  |  |  |  |  |  |  |  |
  +--+--+--+--+--+--+--+--+--+--+--+
 8|~~|  |ar|  |ft|  |ft|  |ar|  |~~|
  +--+--+--+--+--+--+--+--+--+--+--+
 9|~~|~~|  |kn|  |kn|  |kn|  |~~|~~|
  +--+--+--+--+--+--+--+--+--+--+--+
10|~~|~~|~~|  |  |  |  |  |~~|~~|~~|
  +--+--+--+--+--+--+--+--+--+--+--+

Turn 1 (Player A)
Please select a unit: 1.Move 2.Shoot 3.Skip 
Select your action: 
    0  1  2  3  4  5  6  7  8  9 10
  +--+--+--+--+--+--+--+--+--+--+--+
 0|~~|~~|~~|  |  |  |  |  |~~|~~|~~|
  +--+--+--+--+--+--+--+--+--+--+--+
 1|~~|~~|. |KN|  |KN|  |KN|  |~~|~~|
  +--+--+--+--+--+--+--+--+--+--+--+
 2|~~|. |AR|. |FT|  |FT|  |AR|  |~~|
  +--+--+--+--+--+--+--+--+--+--+--+
 3|. |. |. |. |. |  |  |  |  |  |  |
  +--+--+--+--+--+--+--+--+--+--+--+
 4|  |. |. |$ |$ |  |$ |$ |  |  |  |
  +--+--+--+--+--+--+--+--+--+--+--+
 5|  |$ |$ |/\|/\|$ |/\|/\|$ |$ |  |
  +--+--+--+--+--+--+--+--+--+--+--+
 6|  |  |  |$ |$ |  |$ |$ |  |  |  |
  +--+--+--+--+--+--+--+--+--+--+--+
 7|  |  |  |  |  |  |  |  |  |  |  |
  +--+--+--+--+--+--+--+--+--+--+--+
 8|~~|  |ar|  |ft|  |ft|  |ar|  |~~|
  +--+--+--+--+--+--+--+--+--+--+--+
 9|~~|~~|  |kn|  |kn|  |kn|  |~~|~~|
  +--+--+--+--+--+--+--+--+--+--+--+
10|~~|~~|~~|  |  |  |  |  |~~|~~|~~|
  +--+--+--+--+--+--+--+--+--+--+--+

Please enter your destination: 
    0  1  2  3  4  5  6  7  8  9 10
  +--+--+--+--+--+--+--+--+--+--+--+
 0|~~|~~|~~|  |  |  |  |  |~~|~~|~~|
  +--+--+--+--+--+--+--+--+--+--+--+
 1|~~|~~|  |KN|  |KN|  |KN|  |~~|~~|
  +--+--+--+--+--+--+--+--+--+--+--+
 2|~~|  |  |  |FT|  |FT|  |AR|  |~~|
  +--+--+--+--+--+--+--+--+--+--+--+
 3|  |  |  |  |  |  |  |  |  |  |  |
  +--+--+--+--+--+--+--+--+--+--+--+
 4|  |  |AR|$ |$ |  |$ |$ |  |  |  |
  +--+--+--+--+--+--+--+--+--+--+--+
 5|  |$ |$ |/\|/\|$ |/\|/\|$ |$ |  |
  +--+--+--+--+--+--+--+--+--+--+--+
 6|  |  |  |$ |$ |  |$ |$ |  |  |  |
  +--+--+--+--+--+--+--+--+--+--+--+
 7|  |  |  |  |  |  |  |  |  |  |  |
  +--+--+--+--+--+--+--+--+--+--+--+
 8|~~|  |ar|  |ft|  |ft|  |ar|  |~~|
  +--+--+--+--+--+--+--+--+--+--+--+
 9|~~|~~|  |kn|  |kn|  |kn|  |~~|~~|
  +--+--+--+--+--+--+--+--+--+--+--+
10|~~|~~|~~|  |  |  |  |  |~~|~~|~~|
  +--+--+--+--+--+--+--+--+--+--+--+

1.Shoot 2.Skip 
Select your action: 
    0  1  2  3  4  5  6  7  8  9 10
  +--+--+--+--+--+--+--+--+--+--+--+
 0|~~|~~|~~|  |  |  |  |  |~~|~~|~~|
  +--+--+--+--+--+--+--+--+--+--+--+
 1|~~|~~|  |KN|  |KN|  |KN|  |~~|~~|
  +--+--+--+--+--+--+--+--+--+--+--+
 2|~~|  |  |  |FT|  |FT|  |AR|  |~~|
  +--+--+--+--+--+--+--+--+--+--+--+
 3|  |  |  |  |  |  |  |  |  |  |  |
  +--+--+--+--+--+--+--+--+--+--+--+
 4|  |  |AR|$ |$ |  |$ |$ |  |  |  |
  +--+--+--+--+--+--+--+--+--+--+--+
 5|  |$ |$ |/\|/\|$ |/\|/\|$ |$ |  |
  +--+--+--+--+--+--+--+--+--+--+--+
 6|  |  |  |$ |$ |  |$ |$ |  |  |  |
  +--+--+--+--+--+--+--+--+--+--+--+
 7|  |  |  |  |  |  |  |  |  |  |  |
  +--+--+--+--+--+--+--+--+--+--+--+
 8|~~|  |ar|  |ft|  |ft|  |ar|  |~~|
  +--+--+--+--+--+--+--+--+--+--+--+
 9|~~|~~|  |kn|  |kn|  |kn|  |~~|~~|
  +--+--+--+--+--+--+--+--+--+--+--+
10|~~|~~|~~|  |  |  |  |  |~~|~~|~~|
  +--+--+--+--+--+--+--+--+--+--+--+

Turn 2 (Player B)
Please select a unit: 1.Move 2.Shoot 3.Skip 
Select your action: 
    0  1  2  3  4  5  6  7  8  9 10
  +--+--+--+--+--+--+--+--+--+--+--+
 0|~~|~~|~~|  |  |  |  |  |~~|~~|~~|
  +--+--+--+--+--+--+--+--+--+--+--+
 1|~~|~~|  |KN|  |KN|  |KN|  |~~|~~|
  +--+--+--+--+--+--+--+--+--+--+--+
 2|~~|  |  |  |FT|  |FT|  |AR|  |~~|
  +--+--+--+--+--+--+--+--+--+--+--+
 3|  |  |  |  |  |  |  |  |  |  |  |
  +--+--+--+--+--+--+--+--+--+--+--+
 4|  |  |AR|$ |$ |  |$ |$ |  |  |  |
  +--+--+--+--+--+--+--+--+--+--+--+
 5|  |$ |$ |/\|/\|$ |/\|/\|$ |$ |  |
  +--+--+--+--+--+--+--+--+--+--+--+
 6|  |. |. |$ |$ |  |$ |$ |  |  |  |
  +--+--+--+--+--+--+--+--+--+--+--+
 7|. |. |. |. |. |  |  |  |  |  |  |
  +--+--+--+--+--+--+--+--+--+--+--+
 8|~~|. |ar|. |ft|  |ft|  |ar|  |~~|
  +--+--+--+--+--+--+--+--+--+--+--+
 9|~~|~~|. |kn|  |kn|  |kn|  |~~|~~|
  +--+--+--+--+--+--+--+--+--+--+--+
10|~~|~~|~~|  |  |  |  |  |~~|~~|~~|
  +--+--+--+--+--+--+--+--+--+--+--+

Please enter your destination: 
    0  1  2  3  4  5  6  7  8  9 10
  +--+--+--+--+--+--+--+--+--+--+--+
 0|~~|~~|~~|  |  |  |  |  |~~|~~|~~|
  +--+--+--+--+--+--+--+--+--+--+--+
 1|~~|~~|  |KN|  |KN|  |KN|  |~~|~~|
  +--+--+--+--+--+--+--+--+--+--+--+
 2|~~|  |  |  |FT|  |FT|  |AR|  |~~|
  +--+--+--+--+--+--+--+--+--+--+--+
 3|  |  |  |  |  |  |  |  |  |  |  |
  +--+--+--+--+--+--+--+--+--+--+--+
 4|  |  |AR|$ |$ |  |$ |$ |  |  |  |
  +--+--+--+--+--+--+--+--+--+--+--+
 5|  |$ |$ |/\|/\|$ |/\|/\|$ |$ |  |
  +--+--+--+--+--+--+--+--+--+--+--+
 6|  |  |ar|$ |$ |  |$ |$ |  |  |  |
  +--+--+--+--+--+--+--+--+--+--+--+
 7|  |  |  |  |  |  |  |  |  |  |  |
  +--+--+--+--+--+--+--+--+--+--+--+
 8|~~|  |  |  |ft|  |ft|  |ar|  |~~|
  +--+--+--+--+--+--+--+--+--+--+--+
 9|~~|~~|  |kn|  |kn|  |kn|  |~~|~~|
  +--+--+--+--+--+--+--+--+--+--+--+
10|~~|~~|~~|  |  |  |  |  |~~|~~|~~|
  +--+--+--+--+--+--+--+--+--+--+--+

1.Shoot 2.Skip 
Select your action: 1.UP 2.DOWN 3.LEFT 4.RIGHT
Please enter the direction: 
    0  1  2  3  4  5  6  7  8  9 10
  +--+--+--+--+--+--+--+--+--+--+--+
 0|~~|~~|~~|  |  |  |  |  |~~|~~|~~|
  +--+--+--+--+--+--+--+--+--+--+--+
 1|~~|~~|  |KN|  |KN|  |KN|  |~~|~~|
  +--+--+--+--+--+--+--+--+--+--+--+
 2|~~|  |  |  |FT|  |FT|  |AR|  |~~|
  +--+--+--+--+--+--+--+--+--+--+--+
 3|  |  |  |  |  |  |  |  |  |  |  |
  +--+--+--+--+--+--+--+--+--+--+--+
 4|  |  |  |$ |$ |  |$ |$ |  |  |  |
  +--+--+--+--+--+--+--+--+--+--+--+
 5|  |$ |$ |/\|/\|$ |/\|/\|$ |$ |  |
  +--+--+--+--+--+--+--+--+--+--+--+
 6|  |  |ar|$ |$ |  |$ |$ |  |  |  |
  +--+--+--+--+--+--+--+--+--+--+--+
 7|  |  |  |  |  |  |  |  |  |  |  |
  +--+--+--+--+--+--+--+--+--+--+--+
 8|~~|  |  |  |ft|  |ft|  |ar|  |~~|
  +--+--+--+--+--+--+--+--+--+--+--+
 9|~~|~~|  |kn|  |kn|  |kn|  |~~|~~|
  +--+--+--+--+--+--+--+--+--+--+--+
10|~~|~~|~~|  |  |  |  |  |~~|~~|~~|
  +--+--+--+--+--+--+--+--+--+--+--+

Turn 3 (Player A)
Please select a unit: Read line failed!
