
    0  1  2  3  4  5  6  7  8
  +--+--+--+--+--+--+--+--+--+
 0|  |  |  |  |KN|  |  |  |  |
  +--+--+--+--+--+--+--+--+--+
 1|  |AR|  |$ |$ |$ |  |AR|  |
  +--+--+--+--+--+--+--+--+--+
 2|  |/\|  |  |  |  |  |/\|  |
  +--+--+--+--+--+--+--+--+--+
 3|  |  |  |  |  |  |  |  |  |
  +--+--+--+--+--+--+--+--+--+
 4|~~|  |~~|~~|  |~~|~~|  |~~|
  +--+--+--+--+--+--+--+--+--+
 5|  |  |  |  |  |  |  |  |  |
  +--+--+--+--+--+--+--+--+--+
 6|  |/\|  |  |  |  |  |/\|  |
  +--+--+--+--+--+--+--+--+--+
 7|  |ar|  |$ |$ |$ |  |ar|  |
  +--+--+--+--+--+--+--+--+--+
 8|  |  |  |  |kn|  |  |  |  |
  +--+--+--+--+--+--+--+--+--+

Turn 1 (Player A)
Please select a unit: 1.Move 2.Shoot 3.Skip 
Select your action: 
    0  1  2  3  4  5  6  7  8
  +--+--+--+--+--+--+--+--+--+
 0|. |. |. |. |KN|  |  |  |  |
  +--+--+--+--+--+--+--+--+--+
 1|. |AR|. |. |$ |$ |  |AR|  |
  +--+--+--+--+--+--+--+--+--+
 2|. |/\|. |. |  |  |  |/\|  |
  +--+--+--+--+--+--+--+--+--+
 3|. |  |. |  |  |  |  |  |  |
  +--+--+--+--+--+--+--+--+--+
 4|~~|  |~~|~~|  |~~|~~|  |~~|
  +--+--+--+--+--+--+--+--+--+
 5|  |  |  |  |  |  |  |  |  |
  +--+--+--+--+--+--+--+--+--+
 6|  |/\|  |  |  |  |  |/\|  |
  +--+--+--+--+--+--+--+--+--+
 7|  |ar|  |$ |$ |$ |  |ar|  |
  +--+--+--+--+--+--+--+--+--+
 8|  |  |  |  |kn|  |  |  |  |
  +--+--+--+--+--+--+--+--+--+

Please enter your destination: 
    0  1  2  3  4  5  6  7  8
  +--+--+--+--+--+--+--+--+--+
 0|  |  |AR|  |KN|  |  |  |  |
  +--+--+--+--+--+--+--+--+--+
 1|  |  |  |$ |$ |$ |  |AR|  |
  +--+--+--+--+--+--+--+--+--+
 2|  |/\|  |  |  |  |  |/\|  |
  +--+--+--+--+--+--+--+--+--+
 3|  |  |  |  |  |  |  |  |  |
  +--+--+--+--+--+--+--+--+--+
 4|~~|  |~~|~~|  |~~|~~|  |~~|
  +--+--+--+--+--+--+--+--+--+
 5|  |  |  |  |  |  |  |  |  |
  +--+--+--+--+--+--+--+--+--+
 6|  |/\|  |  |  |  |  |/\|  |
  +--+--+--+--+--+--+--+--+--+
 7|  |ar|  |$ |$ |$ |  |ar|  |
  +--+--+--+--+--+--+--+--+--+
 8|  |  |  |  |kn|  |  |  |  |
  +--+--+--+--+--+--+--+--+--+

1.Shoot 2.Skip 
Select your action: 1.UP 2.DOWN 3.LEFT 4.RIGHT
Please enter the direction: (-2, 2) is out of bound
1.Shoot 2.Skip 
Select your action: 1.UP 2.DOWN 3.LEFT 4.RIGHT
Please enter the direction: 
    0  1  2  3  4  5  6  7  8
  +--+--+--+--+--+--+--+--+--+
 0|  |  |AR|  |  |  |  |  |  |
  +--+--+--+--+--+--+--+--+--+
 1|  |  |  |$ |$ |$ |  |AR|  |
  +--+--+--+--+--+--+--+--+--+
 2|  |/\|  |  |  |  |  |/\|  |
  +--+--+--+--+--+--+--+--+--+
 3|  |  |  |  |  |  |  |  |  |
  +--+--+--+--+--+--+--+--+--+
 4|~~|  |~~|~~|  |~~|~~|  |~~|
  +--+--+--+--+--+--+--+--+--+
 5|  |  |  |  |  |  |  |  |  |
  +--+--+--+--+--+--+--+--+--+
 6|  |/\|  |  |  |  |  |/\|  |
  +--+--+--+--+--+--+--+--+--+
 7|  |ar|  |$ |$ |$ |  |ar|  |
  +--+--+--+--+--+--+--+--+--+
 8|  |  |  |  |kn|  |  |  |  |
  +--+--+--+--+--+--+--+--+--+

Turn 2 (Player B)
Please select a unit: Read line failed!
