
    0  1  2  3  4  5  6  7  8
  +--+--+--+--+--+--+--+--+--+
 0|  |  |  |  |KN|  |  |  |  |
  +--+--+--+--+--+--+--+--+--+
 1|  |AR|  |$ |$ |$ |  |AR|  |
  +--+--+--+--+--+--+--+--+--+
 2|  |/\|  |  |  |  |  |/\|  |
  +--+--+--+--+--+--+--+--+--+
 3|  |  |  |  |  |  |  |  |  |
  +--+--+--+--+--+--+--+--+--+
 4|~~|  |~~|~~|  |~~|~~|  |~~|
  +--+--+--+--+--+--+--+--+--+
 5|  |  |  |  |  |  |  |  |  |
  +--+--+--+--+--+--+--+--+--+
 6|  |/\|  |  |  |  |  |/\|  |
  +--+--+--+--+--+--+--+--+--+
 7|  |ar|  |$ |$ |$ |  |ar|  |
  +--+--+--+--+--+--+--+--+--+
 8|  |  |  |  |kn|  |  |  |  |
  +--+--+--+--+--+--+--+--+--+

Turn 1 (Player A)
Please select a unit: 1.Move 2.Attack 3.Skip 
Select your action: 
    0  1  2  3  4  5  6  7  8
  +--+--+--+--+--+--+--+--+--+
 0|. |. |. |. |KN|. |. |. |. |
  +--+--+--+--+--+--+--+--+--+
 1|. |AR|. |. |. |. |. |AR|. |
  +--+--+--+--+--+--+--+--+--+
 2|  |/\|. |. |. |. |. |/\|  |
  +--+--+--+--+--+--+--+--+--+
 3|  |  |. |. |. |. |. |  |  |
  +--+--+--+--+--+--+--+--+--+
 4|~~|  |~~|~~|. |~~|~~|  |~~|
  +--+--+--+--+--+--+--+--+--+
 5|  |  |  |  |  |  |  |  |  |
  +--+--+--+--+--+--+--+--+--+
 6|  |/\|  |  |  |  |  |/\|  |
  +--+--+--+--+--+--+--+--+--+
 7|  |ar|  |$ |$ |$ |  |ar|  |
  +--+--+--+--+--+--+--+--+--+
 8|  |  |  |  |kn|  |  |  |  |
  +--+--+--+--+--+--+--+--+--+

Please enter your destination: 
    0  1  2  3  4  5  6  7  8
  +--+--+--+--+--+--+--+--+--+
 0|  |  |  |  |  |  |  |  |  |
  +--+--+--+--+--+--+--+--+--+
 1|  |AR|  |$ |$ |$ |  |AR|  |
  +--+--+--+--+--+--+--+--+--+
 2|  |/\|  |  |  |  |  |/\|  |
  +--+--+--+--+--+--+--+--+--+
 3|  |  |  |  |  |  |  |  |  |
  +--+--+--+--+--+--+--+--+--+
 4|~~|  |~~|~~|KN|~~|~~|  |~~|
  +--+--+--+--+--+--+--+--+--+
 5|  |  |  |  |  |  |  |  |  |
  +--+--+--+--+--+--+--+--+--+
 6|  |/\|  |  |  |  |  |/\|  |
  +--+--+--+--+--+--+--+--+--+
 7|  |ar|  |$ |$ |$ |  |ar|  |
  +--+--+--+--+--+--+--+--+--+
 8|  |  |  |  |kn|  |  |  |  |
  +--+--+--+--+--+--+--+--+--+

1.Attack 2.Skip 
Select your action: 
    0  1  2  3  4  5  6  7  8
  +--+--+--+--+--+--+--+--+--+
 0|  |  |  |  |  |  |  |  |  |
  +--+--+--+--+--+--+--+--+--+
 1|  |AR|  |$ |$ |$ |  |AR|  |
  +--+--+--+--+--+--+--+--+--+
 2|  |/\|  |  |  |  |  |/\|  |
  +--+--+--+--+--+--+--+--+--+
 3|  |  |  |  |  |  |  |  |  |
  +--+--+--+--+--+--+--+--+--+
 4|~~|  |~~|~~|KN|~~|~~|  |~~|
  +--+--+--+--+--+--+--+--+--+
 5|  |  |  |  |  |  |  |  |  |
  +--+--+--+--+--+--+--+--+--+
 6|  |/\|  |  |  |  |  |/\|  |
  +--+--+--+--+--+--+--+--+--+
 7|  |ar|  |$ |$ |$ |  |ar|  |
  +--+--+--+--+--+--+--+--+--+
 8|  |  |  |  |kn|  |  |  |  |
  +--+--+--+--+--+--+--+--+--+

Turn 2 (Player B)
Please select a unit: 1.Move 2.Attack 3.Skip 
Select your action: 
    0  1  2  3  4  5  6  7  8
  +--+--+--+--+--+--+--+--+--+
 0|  |  |  |  |  |  |  |  |  |
  +--+--+--+--+--+--+--+--+--+
 1|  |AR|  |$ |$ |$ |  |AR|  |
  +--+--+--+--+--+--+--+--+--+
 2|  |/\|  |  |  |  |  |/\|  |
  +--+--+--+--+--+--+--+--+--+
 3|  |  |  |  |  |  |  |  |  |
  +--+--+--+--+--+--+--+--+--+
 4|~~|  |~~|~~|KN|~~|~~|  |~~|
  +--+--+--+--+--+--+--+--+--+
 5|  |  |. |. |. |. |. |  |  |
  +--+--+--+--+--+--+--+--+--+
 6|  |/\|. |. |. |. |. |/\|  |
  +--+--+--+--+--+--+--+--+--+
 7|. |ar|. |. |. |. |. |ar|. |
  +--+--+--+--+--+--+--+--+--+
 8|. |. |. |. |kn|. |. |. |. |
  +--+--+--+--+--+--+--+--+--+

Please enter your destination: 
    0  1  2  3  4  5  6  7  8
  +--+--+--+--+--+--+--+--+--+
 0|  |  |  |  |  |  |  |  |  |
  +--+--+--+--+--+--+--+--+--+
 1|  |AR|  |$ |$ |$ |  |AR|  |
  +--+--+--+--+--+--+--+--+--+
 2|  |/\|  |  |  |  |  |/\|  |
  +--+--+--+--+--+--+--+--+--+
 3|  |  |  |  |  |  |  |  |  |
  +--+--+--+--+--+--+--+--+--+
 4|~~|  |~~|~~|KN|~~|~~|  |~~|
  +--+--+--+--+--+--+--+--+--+
 5|  |  |  |  |kn|  |  |  |  |
  +--+--+--+--+--+--+--+--+--+
 6|  |/\|  |  |  |  |  |/\|  |
  +--+--+--+--+--+--+--+--+--+
 7|  |ar|  |$ |$ |$ |  |ar|  |
  +--+--+--+--+--+--+--+--+--+
 8|  |  |  |  |  |  |  |  |  |
  +--+--+--+--+--+--+--+--+--+

1.Attack 2.Skip 
Select your action: 1.UP 2.DOWN 3.LEFT 4.RIGHT
Please enter the direction: 
    0  1  2  3  4  5  6  7  8
  +--+--+--+--+--+--+--+--+--+
 0|  |  |  |  |  |  |  |  |  |
  +--+--+--+--+--+--+--+--+--+
 1|  |AR|  |$ |$ |$ |  |AR|  |
  +--+--+--+--+--+--+--+--+--+
 2|  |/\|  |  |  |  |  |/\|  |
  +--+--+--+--+--+--+--+--+--+
 3|  |  |  |  |  |  |  |  |  |
  +--+--+--+--+--+--+--+--+--+
 4|~~|  |~~|~~|  |~~|~~|  |~~|
  +--+--+--+--+--+--+--+--+--+
 5|  |  |  |  |kn|  |  |  |  |
  +--+--+--+--+--+--+--+--+--+
 6|  |/\|  |  |  |  |  |/\|  |
  +--+--+--+--+--+--+--+--+--+
 7|  |ar|  |$ |$ |$ |  |ar|  |
  +--+--+--+--+--+--+--+--+--+
 8|  |  |  |  |  |  |  |  |  |
  +--+--+--+--+--+--+--+--+--+

Turn 3 (Player A)
Please select a unit: 1.Move 2.Shoot 3.Skip 
Select your action: 
    0  1  2  3  4  5  6  7  8
  +--+--+--+--+--+--+--+--+--+
 0|. |. |. |. |  |  |  |  |  |
  +--+--+--+--+--+--+--+--+--+
 1|. |AR|. |. |$ |$ |  |AR|  |
  +--+--+--+--+--+--+--+--+--+
 2|. |/\|. |. |  |  |  |/\|  |
  +--+--+--+--+--+--+--+--+--+
 3|. |  |. |  |  |  |  |  |  |
  +--+--+--+--+--+--+--+--+--+
 4|~~|  |~~|~~|  |~~|~~|  |~~|
  +--+--+--+--+--+--+--+--+--+
 5|  |  |  |  |kn|  |  |  |  |
  +--+--+--+--+--+--+--+--+--+
 6|  |/\|  |  |  |  |  |/\|  |
  +--+--+--+--+--+--+--+--+--+
 7|  |ar|  |$ |$ |$ |  |ar|  |
  +--+--+--+--+--+--+--+--+--+
 8|  |  |  |  |  |  |  |  |  |
  +--+--+--+--+--+--+--+--+--+

Please enter your destination: 
    0  1  2  3  4  5  6  7  8
  +--+--+--+--+--+--+--+--+--+
 0|  |  |  |  |  |  |  |  |  |
  +--+--+--+--+--+--+--+--+--+
 1|  |  |  |$ |$ |$ |  |AR|  |
  +--+--+--+--+--+--+--+--+--+
 2|  |/\|  |  |  |  |  |/\|  |
  +--+--+--+--+--+--+--+--+--+
 3|  |  |AR|  |  |  |  |  |  |
  +--+--+--+--+--+--+--+--+--+
 4|~~|  |~~|~~|  |~~|~~|  |~~|
  +--+--+--+--+--+--+--+--+--+
 5|  |  |  |  |kn|  |  |  |  |
  +--+--+--+--+--+--+--+--+--+
 6|  |/\|  |  |  |  |  |/\|  |
  +--+--+--+--+--+--+--+--+--+
 7|  |ar|  |$ |$ |$ |  |ar|  |
  +--+--+--+--+--+--+--+--+--+
 8|  |  |  |  |  |  |  |  |  |
  +--+--+--+--+--+--+--+--+--+

1.Shoot 2.Skip 
Select your action: 
    0  1  2  3  4  5  6  7  8
  +--+--+--+--+--+--+--+--+--+
 0|  |  |  |  |  |  |  |  |  |
  +--+--+--+--+--+--+--+--+--+
 1|  |  |  |$ |$ |$ |  |AR|  |
  +--+--+--+--+--+--+--+--+--+
 2|  |/\|  |  |  |  |  |/\|  |
  +--+--+--+--+--+--+--+--+--+
 3|  |  |AR|  |  |  |  |  |  |
  +--+--+--+--+--+--+--+--+--+
 4|~~|  |~~|~~|  |~~|~~|  |~~|
  +--+--+--+--+--+--+--+--+--+
 5|  |  |  |  |kn|  |  |  |  |
  +--+--+--+--+--+--+--+--+--+
 6|  |/\|  |  |  |  |  |/\|  |
  +--+--+--+--+--+--+--+--+--+
 7|  |ar|  |$ |$ |$ |  |ar|  |
  +--+--+--+--+--+--+--+--+--+
 8|  |  |  |  |  |  |  |  |  |
  +--+--+--+--+--+--+--+--+--+

Turn 4 (Player B)
Please select a unit: 1.Move 2.Shoot 3.Skip 
Select your action: 
    0  1  2  3  4  5  6  7  8
  +--+--+--+--+--+--+--+--+--+
 0|  |  |  |  |  |  |  |  |  |
  +--+--+--+--+--+--+--+--+--+
 1|  |  |  |$ |$ |$ |  |AR|  |
  +--+--+--+--+--+--+--+--+--+
 2|  |/\|  |  |  |  |  |/\|  |
  +--+--+--+--+--+--+--+--+--+
 3|  |  |AR|  |  |  |  |  |  |
  +--+--+--+--+--+--+--+--+--+
 4|~~|  |~~|~~|  |~~|~~|  |~~|
  +--+--+--+--+--+--+--+--+--+
 5|. |  |. |  |kn|  |  |  |  |
  +--+--+--+--+--+--+--+--+--+
 6|. |/\|. |. |  |  |  |/\|  |
  +--+--+--+--+--+--+--+--+--+
 7|. |ar|. |. |$ |$ |  |ar|  |
  +--+--+--+--+--+--+--+--+--+
 8|. |. |. |. |  |  |  |  |  |
  +--+--+--+--+--+--+--+--+--+

Please enter your destination: 
    0  1  2  3  4  5  6  7  8
  +--+--+--+--+--+--+--+--+--+
 0|  |  |  |  |  |  |  |  |  |
  +--+--+--+--+--+--+--+--+--+
 1|  |  |  |$ |$ |$ |  |AR|  |
  +--+--+--+--+--+--+--+--+--+
 2|  |/\|  |  |  |  |  |/\|  |
  +--+--+--+--+--+--+--+--+--+
 3|  |  |AR|  |  |  |  |  |  |
  +--+--+--+--+--+--+--+--+--+
 4|~~|  |~~|~~|  |~~|~~|  |~~|
  +--+--+--+--+--+--+--+--+--+
 5|  |  |ar|  |kn|  |  |  |  |
  +--+--+--+--+--+--+--+--+--+
 6|  |/\|  |  |  |  |  |/\|  |
  +--+--+--+--+--+--+--+--+--+
 7|  |  |  |$ |$ |$ |  |ar|  |
  +--+--+--+--+--+--+--+--+--+
 8|  |  |  |  |  |  |  |  |  |
  +--+--+--+--+--+--+--+--+--+

1.Shoot 2.Skip 
Select your action: 1.UP 2.DOWN 3.LEFT 4.RIGHT
Please enter the direction: 
    0  1  2  3  4  5  6  7  8
  +--+--+--+--+--+--+--+--+--+
 0|  |  |  |  |  |  |  |  |  |
  +--+--+--+--+--+--+--+--+--+
 1|  |  |  |$ |$ |$ |  |AR|  |
  +--+--+--+--+--+--+--+--+--+
 2|  |/\|  |  |  |  |  |/\|  |
  +--+--+--+--+--+--+--+--+--+
 3|  |  |AR|  |  |  |  |  |  |
  +--+--+--+--+--+--+--+--+--+
 4|~~|  |~~|~~|  |~~|~~|  |~~|
  +--+--+--+--+--+--+--+--+--+
 5|  |  |ar|  |  |  |  |  |  |
  +--+--+--+--+--+--+--+--+--+
 6|  |/\|  |  |  |  |  |/\|  |
  +--+--+--+--+--+--+--+--+--+
 7|  |  |  |$ |$ |$ |  |ar|  |
  +--+--+--+--+--+--+--+--+--+
 8|  |  |  |  |  |  |  |  |  |
  +--+--+--+--+--+--+--+--+--+

Turn 5 (Player A)
Please select a unit: 1.Move 2.Shoot 3.Skip 
Select your action: 
    0  1  2  3  4  5  6  7  8
  +--+--+--+--+--+--+--+--+--+
 0|  |  |  |  |  |  |  |  |  |
  +--+--+--+--+--+--+--+--+--+
 1|  |  |  |$ |$ |$ |  |AR|  |
  +--+--+--+--+--+--+--+--+--+
 2|  |/\|  |  |  |  |  |/\|  |
  +--+--+--+--+--+--+--+--+--+
 3|  |  |AR|  |  |  |  |  |  |
  +--+--+--+--+--+--+--+--+--+
 4|~~|  |~~|~~|  |~~|~~|  |~~|
  +--+--+--+--+--+--+--+--+--+
 5|  |  |ar|  |  |  |  |  |  |
  +--+--+--+--+--+--+--+--+--+
 6|  |/\|  |  |  |  |  |/\|  |
  +--+--+--+--+--+--+--+--+--+
 7|  |  |  |$ |$ |$ |  |ar|  |
  +--+--+--+--+--+--+--+--+--+
 8|  |  |  |  |  |  |  |  |  |
  +--+--+--+--+--+--+--+--+--+

Turn 6 (Player B)
Please select a unit: 1.Move 2.Shoot 3.Skip 
Select your action: 
    0  1  2  3  4  5  6  7  8
  +--+--+--+--+--+--+--+--+--+
 0|  |  |  |  |  |  |  |  |  |
  +--+--+--+--+--+--+--+--+--+
 1|  |  |  |$ |$ |$ |  |AR|  |
  +--+--+--+--+--+--+--+--+--+
 2|  |/\|  |  |  |  |  |/\|  |
  +--+--+--+--+--+--+--+--+--+
 3|  |. |AR|  |  |  |  |  |  |
  +--+--+--+--+--+--+--+--+--+
 4|~~|. |~~|~~|. |~~|~~|  |~~|
  +--+--+--+--+--+--+--+--+--+
 5|. |. |ar|. |. |. |  |  |  |
  +--+--+--+--+--+--+--+--+--+
 6|. |/\|. |. |. |  |  |/\|  |
  +--+--+--+--+--+--+--+--+--+
 7|  |. |. |$ |$ |$ |  |ar|  |
  +--+--+--+--+--+--+--+--+--+
 8|  |  |. |  |  |  |  |  |  |
  +--+--+--+--+--+--+--+--+--+

Please enter your destination: 
    0  1  2  3  4  5  6  7  8
  +--+--+--+--+--+--+--+--+--+
 0|  |  |  |  |  |  |  |  |  |
  +--+--+--+--+--+--+--+--+--+
 1|  |  |  |$ |$ |$ |  |AR|  |
  +--+--+--+--+--+--+--+--+--+
 2|  |/\|  |  |  |  |  |/\|  |
  +--+--+--+--+--+--+--+--+--+
 3|  |  |AR|  |  |  |  |  |  |
  +--+--+--+--+--+--+--+--+--+
 4|~~|  |~~|~~|ar|~~|~~|  |~~|
  +--+--+--+--+--+--+--+--+--+
 5|  |  |  |  |  |  |  |  |  |
  +--+--+--+--+--+--+--+--+--+
 6|  |/\|  |  |  |  |  |/\|  |
  +--+--+--+--+--+--+--+--+--+
 7|  |  |  |$ |$ |$ |  |ar|  |
  +--+--+--+--+--+--+--+--+--+
 8|  |  |  |  |  |  |  |  |  |
  +--+--+--+--+--+--+--+--+--+

1.Shoot 2.Skip 
Select your action: 1.UP 2.DOWN 3.LEFT 4.RIGHT
Please enter the direction: No unit to attack at (4, 2)
1.Shoot 2.Skip 
Select your action: 
    0  1  2  3  4  5  6  7  8
  +--+--+--+--+--+--+--+--+--+
 0|  |  |  |  |  |  |  |  |  |
  +--+--+--+--+--+--+--+--+--+
 1|  |  |  |$ |$ |$ |  |AR|  |
  +--+--+--+--+--+--+--+--+--+
 2|  |/\|  |  |  |  |  |/\|  |
  +--+--+--+--+--+--+--+--+--+
 3|  |  |AR|  |  |  |  |  |  |
  +--+--+--+--+--+--+--+--+--+
 4|~~|  |~~|~~|ar|~~|~~|  |~~|
  +--+--+--+--+--+--+--+--+--+
 5|  |  |  |  |  |  |  |  |  |
  +--+--+--+--+--+--+--+--+--+
 6|  |/\|  |  |  |  |  |/\|  |
  +--+--+--+--+--+--+--+--+--+
 7|  |  |  |$ |$ |$ |  |ar|  |
  +--+--+--+--+--+--+--+--+--+
 8|  |  |  |  |  |  |  |  |  |
  +--+--+--+--+--+--+--+--+--+

Turn 7 (Player A)
Please select a unit: 1.Move 2.Shoot 3.Skip 
Select your action: 
    0  1  2  3  4  5  6  7  8
  +--+--+--+--+--+--+--+--+--+
 0|  |  |. |  |  |  |  |  |  |
  +--+--+--+--+--+--+--+--+--+
 1|  |. |. |$ |$ |$ |  |AR|  |
  +--+--+--+--+--+--+--+--+--+
 2|. |/\|. |. |. |  |  |/\|  |
  +--+--+--+--+--+--+--+--+--+
 3|. |. |AR|. |. |. |  |  |  |
  +--+--+--+--+--+--+--+--+--+
 4|~~|. |~~|~~|ar|~~|~~|  |~~|
  +--+--+--+--+--+--+--+--+--+
 5|  |. |  |  |  |  |  |  |  |
  +--+--+--+--+--+--+--+--+--+
 6|  |/\|  |  |  |  |  |/\|  |
  +--+--+--+--+--+--+--+--+--+
 7|  |  |  |$ |$ |$ |  |ar|  |
  +--+--+--+--+--+--+--+--+--+
 8|  |  |  |  |  |  |  |  |  |
  +--+--+--+--+--+--+--+--+--+

Please enter your destination: 
    0  1  2  3  4  5  6  7  8
  +--+--+--+--+--+--+--+--+--+
 0|  |  |  |  |  |  |  |  |  |
  +--+--+--+--+--+--+--+--+--+
 1|  |  |  |$ |$ |$ |  |AR|  |
  +--+--+--+--+--+--+--+--+--+
 2|  |/\|  |  |AR|  |  |/\|  |
  +--+--+--+--+--+--+--+--+--+
 3|  |  |  |  |  |  |  |  |  |
  +--+--+--+--+--+--+--+--+--+
 4|~~|  |~~|~~|ar|~~|~~|  |~~|
  +--+--+--+--+--+--+--+--+--+
 5|  |  |  |  |  |  |  |  |  |
  +--+--+--+--+--+--+--+--+--+
 6|  |/\|  |  |  |  |  |/\|  |
  +--+--+--+--+--+--+--+--+--+
 7|  |  |  |$ |$ |$ |  |ar|  |
  +--+--+--+--+--+--+--+--+--+
 8|  |  |  |  |  |  |  |  |  |
  +--+--+--+--+--+--+--+--+--+

1.Shoot 2.Skip 
Select your action: 1.UP 2.DOWN 3.LEFT 4.RIGHT
Please enter the direction: 
    0  1  2  3  4  5  6  7  8
  +--+--+--+--+--+--+--+--+--+
 0|  |  |  |  |  |  |  |  |  |
  +--+--+--+--+--+--+--+--+--+
 1|  |  |  |$ |$ |$ |  |AR|  |
  +--+--+--+--+--+--+--+--+--+
 2|  |/\|  |  |AR|  |  |/\|  |
  +--+--+--+--+--+--+--+--+--+
 3|  |  |  |  |  |  |  |  |  |
  +--+--+--+--+--+--+--+--+--+
 4|~~|  |~~|~~|  |~~|~~|  |~~|
  +--+--+--+--+--+--+--+--+--+
 5|  |  |  |  |  |  |  |  |  |
  +--+--+--+--+--+--+--+--+--+
 6|  |/\|  |  |  |  |  |/\|  |
  +--+--+--+--+--+--+--+--+--+
 7|  |  |  |$ |$ |$ |  |ar|  |
  +--+--+--+--+--+--+--+--+--+
 8|  |  |  |  |  |  |  |  |  |
  +--+--+--+--+--+--+--+--+--+

Turn 8 (Player B)
Please select a unit: 1.Move 2.Shoot 3.Skip 
Select your action: 
    0  1  2  3  4  5  6  7  8
  +--+--+--+--+--+--+--+--+--+
 0|  |  |  |  |  |  |  |  |  |
  +--+--+--+--+--+--+--+--+--+
 1|  |  |  |$ |$ |$ |  |AR|  |
  +--+--+--+--+--+--+--+--+--+
 2|  |/\|  |  |AR|  |  |/\|  |
  +--+--+--+--+--+--+--+--+--+
 3|  |  |  |  |  |  |  |  |  |
  +--+--+--+--+--+--+--+--+--+
 4|~~|  |~~|~~|  |~~|~~|  |~~|
  +--+--+--+--+--+--+--+--+--+
 5|  |  |  |  |  |  |. |  |. |
  +--+--+--+--+--+--+--+--+--+
 6|  |/\|  |  |  |. |. |/\|. |
  +--+--+--+--+--+--+--+--+--+
 7|  |  |  |$ |$ |. |. |ar|. |
  +--+--+--+--+--+--+--+--+--+
 8|  |  |  |  |  |. |. |. |. |
  +--+--+--+--+--+--+--+--+--+

Please enter your destination: 
    0  1  2  3  4  5  6  7  8
  +--+--+--+--+--+--+--+--+--+
 0|  |  |  |  |  |  |  |  |  |
  +--+--+--+--+--+--+--+--+--+
 1|  |  |  |$ |$ |$ |  |AR|  |
  +--+--+--+--+--+--+--+--+--+
 2|  |/\|  |  |AR|  |  |/\|  |
  +--+--+--+--+--+--+--+--+--+
 3|  |  |  |  |  |  |  |  |  |
  +--+--+--+--+--+--+--+--+--+
 4|~~|  |~~|~~|  |~~|~~|  |~~|
  +--+--+--+--+--+--+--+--+--+
 5|  |  |  |  |  |  |ar|  |  |
  +--+--+--+--+--+--+--+--+--+
 6|  |/\|  |  |  |  |  |/\|  |
  +--+--+--+--+--+--+--+--+--+
 7|  |  |  |$ |$ |$ |  |  |  |
  +--+--+--+--+--+--+--+--+--+
 8|  |  |  |  |  |  |  |  |  |
  +--+--+--+--+--+--+--+--+--+

1.Shoot 2.Skip 
Select your action: 
    0  1  2  3  4  5  6  7  8
  +--+--+--+--+--+--+--+--+--+
 0|  |  |  |  |  |  |  |  |  |
  +--+--+--+--+--+--+--+--+--+
 1|  |  |  |$ |$ |$ |  |AR|  |
  +--+--+--+--+--+--+--+--+--+
 2|  |/\|  |  |AR|  |  |/\|  |
  +--+--+--+--+--+--+--+--+--+
 3|  |  |  |  |  |  |  |  |  |
  +--+--+--+--+--+--+--+--+--+
 4|~~|  |~~|~~|  |~~|~~|  |~~|
  +--+--+--+--+--+--+--+--+--+
 5|  |  |  |  |  |  |ar|  |  |
  +--+--+--+--+--+--+--+--+--+
 6|  |/\|  |  |  |  |  |/\|  |
  +--+--+--+--+--+--+--+--+--+
 7|  |  |  |$ |$ |$ |  |  |  |
  +--+--+--+--+--+--+--+--+--+
 8|  |  |  |  |  |  |  |  |  |
  +--+--+--+--+--+--+--+--+--+

Turn 9 (Player A)
Please select a unit: 1.Move 2.Shoot 3.Skip 
Select your action: 
    0  1  2  3  4  5  6  7  8
  +--+--+--+--+--+--+--+--+--+
 0|  |  |  |  |. |  |  |  |  |
  +--+--+--+--+--+--+--+--+--+
 1|  |  |. |. |. |. |. |AR|  |
  +--+--+--+--+--+--+--+--+--+
 2|  |/\|. |. |AR|. |. |/\|  |
  +--+--+--+--+--+--+--+--+--+
 3|  |  |. |. |. |. |. |  |  |
  +--+--+--+--+--+--+--+--+--+
 4|~~|  |~~|~~|. |~~|~~|  |~~|
  +--+--+--+--+--+--+--+--+--+
 5|  |  |  |  |. |  |ar|  |  |
  +--+--+--+--+--+--+--+--+--+
 6|  |/\|  |  |  |  |  |/\|  |
  +--+--+--+--+--+--+--+--+--+
 7|  |  |  |$ |$ |$ |  |  |  |
  +--+--+--+--+--+--+--+--+--+
 8|  |  |  |  |  |  |  |  |  |
  +--+--+--+--+--+--+--+--+--+

Please enter your destination: 
    0  1  2  3  4  5  6  7  8
  +--+--+--+--+--+--+--+--+--+
 0|  |  |  |  |  |  |  |  |  |
  +--+--+--+--+--+--+--+--+--+
 1|  |  |  |$ |$ |$ |  |AR|  |
  +--+--+--+--+--+--+--+--+--+
 2|  |/\|  |  |  |  |  |/\|  |
  +--+--+--+--+--+--+--+--+--+
 3|  |  |  |  |  |  |  |  |  |
  +--+--+--+--+--+--+--+--+--+
 4|~~|  |~~|~~|  |~~|~~|  |~~|
  +--+--+--+--+--+--+--+--+--+
 5|  |  |  |  |AR|  |ar|  |  |
  +--+--+--+--+--+--+--+--+--+
 6|  |/\|  |  |  |  |  |/\|  |
  +--+--+--+--+--+--+--+--+--+
 7|  |  |  |$ |$ |$ |  |  |  |
  +--+--+--+--+--+--+--+--+--+
 8|  |  |  |  |  |  |  |  |  |
  +--+--+--+--+--+--+--+--+--+

1.Shoot 2.Skip 
Select your action: 1.UP 2.DOWN 3.LEFT 4.RIGHT
Please enter the direction: 
    0  1  2  3  4  5  6  7  8
  +--+--+--+--+--+--+--+--+--+
 0|  |  |  |  |  |  |  |  |  |
  +--+--+--+--+--+--+--+--+--+
 1|  |  |  |$ |$ |$ |  |AR|  |
  +--+--+--+--+--+--+--+--+--+
 2|  |/\|  |  |  |  |  |/\|  |
  +--+--+--+--+--+--+--+--+--+
 3|  |  |  |  |  |  |  |  |  |
  +--+--+--+--+--+--+--+--+--+
 4|~~|  |~~|~~|  |~~|~~|  |~~|
  +--+--+--+--+--+--+--+--+--+
 5|  |  |  |  |AR|  |  |  |  |
  +--+--+--+--+--+--+--+--+--+
 6|  |/\|  |  |  |  |  |/\|  |
  +--+--+--+--+--+--+--+--+--+
 7|  |  |  |$ |$ |$ |  |  |  |
  +--+--+--+--+--+--+--+--+--+
 8|  |  |  |  |  |  |  |  |  |
  +--+--+--+--+--+--+--+--+--+

Congratulations! Player A has won!
